2011/4/5 2:35:14   9 Connected to 204.74.216.120
2011/4/5 2:35:14   10 In status_WAIT_SHA1_FSS_INFO
2011/4/5 2:35:14   10 Received line H.fss/sha1.fss
1301838169
779
2011/4/5 2:35:14   10 IN send_msg sending A
2011/4/5 2:35:14   10 IN status_WAIT_SHA1_FSS
2011/4/5 2:35:14   10 In recieve_sha1_fss of Files.cs
2011/4/5 2:35:14   10 In receive_file of Files.cs
2011/4/5 2:35:14   10 In receive_file()  of Net.cs
2011/4/5 2:35:14   10 System.InvalidOperationException: EndReceive can only be called once for each asynchronous operation.
   at System.Net.Sockets.Socket.EndReceive(IAsyncResult asyncResult, SocketError& errorCode)
   at System.Net.Sockets.Socket.EndReceive(IAsyncResult asyncResult)
   at fss_client.Net.receive_file(String path, Int64& size, IAsyncResult ar) in D:\fss\fss-client\fss-client\Net.cs:line 184
2011/4/5 2:35:14   10 IN status_WAIT_SHA1_FSS
2011/4/5 2:35:14   10 In recieve_sha1_fss of Files.cs
2011/4/5 2:35:14   10 In receive_file of Files.cs
2011/4/5 2:35:14   10 In receive_file()  of Net.cs
2011/4/5 2:35:14   10 System.IO.IOException: The process cannot access the file 'D:\csrf\.fss\remote.sha1.fss' because it is being used by another process.
   at System.IO.__Error.WinIOError(Int32 errorCode, String maybeFullPath)
   at System.IO.FileStream.Init(String path, FileMode mode, FileAccess access, Int32 rights, Boolean useRights, FileShare share, Int32 bufferSize, FileOptions options, SECURITY_ATTRIBUTES secAttrs, String msgPath, Boolean bFromProxy, Boolean useLongPath)
   at System.IO.FileStream..ctor(String path, FileMode mode, FileAccess access, FileShare share)
   at System.IO.File.Open(String path, FileMode mode, FileAccess access)
   at fss_client.Net.receive_file(String path, Int64& size, IAsyncResult ar) in D:\fss\fss-client\fss-client\Net.cs:line 182
2011/4/5 2:35:14   10 IN status_WAIT_SHA1_FSS
2011/4/5 2:35:14   10 In recieve_sha1_fss of Files.cs
2011/4/5 2:35:14   10 In receive_file of Files.cs
2011/4/5 2:35:14   10 In receive_file()  of Net.cs
2011/4/5 2:35:14   10 System.IO.IOException: The process cannot access the file 'D:\csrf\.fss\remote.sha1.fss' because it is being used by another process.
   at System.IO.__Error.WinIOError(Int32 errorCode, String maybeFullPath)
   at System.IO.FileStream.Init(String path, FileMode mode, FileAccess access, Int32 rights, Boolean useRights, FileShare share, Int32 bufferSize, FileOptions options, SECURITY_ATTRIBUTES secAttrs, String msgPath, Boolean bFromProxy, Boolean useLongPath)
   at System.IO.FileStream..ctor(String path, FileMode mode, FileAccess access, FileShare share)
   at System.IO.File.Open(String path, FileMode mode, FileAccess access)
   at fss_client.Net.receive_file(String path, Int64& size, IAsyncResult ar) in D:\fss\fss-client\fss-client\Net.cs:line 182
2011/4/5 2:35:14   10 IN status_WAIT_SHA1_FSS
2011/4/5 2:35:14   10 In recieve_sha1_fss of Files.cs
2011/4/5 2:35:14   10 In receive_file of Files.cs
2011/4/5 2:35:14   10 In receive_file()  of Net.cs
2011/4/5 2:35:14   10 System.IO.IOException: The process cannot access the file 'D:\csrf\.fss\remote.sha1.fss' because it is being used by another process.
   at System.IO.__Error.WinIOError(Int32 errorCode, String maybeFullPath)
   at System.IO.FileStream.Init(String path, FileMode mode, FileAccess access, Int32 rights, Boolean useRights, FileShare share, Int32 bufferSize, FileOptions options, SECURITY_ATTRIBUTES secAttrs, String msgPath, Boolean bFromProxy, Boolean useLongPath)
   at System.IO.FileStream..ctor(String path, FileMode mode, FileAccess access, FileShare share)
   at System.IO.File.Open(String path, FileMode mode, FileAccess access)
   at fss_client.Net.receive_file(String path, Int64& size, IAsyncResult ar) in D:\fss\fss-client\fss-client\Net.cs:line 182
2011/4/5 2:35:14   10 IN status_WAIT_SHA1_FSS
2011/4/5 2:35:14   10 In recieve_sha1_fss of Files.cs
2011/4/5 2:35:14   10 In receive_file of Files.cs
2011/4/5 2:35:14   10 In receive_file()  of Net.cs
2011/4/5 2:35:14   10 System.InvalidOperationException: EndReceive can only be called once for each asynchronous operation.
   at System.Net.Sockets.Socket.EndReceive(IAsyncResult asyncResult, SocketError& errorCode)
   at System.Net.Sockets.Socket.EndReceive(IAsyncResult asyncResult)
   at fss_client.Net.receive_file(String path, Int64& size, IAsyncResult ar) in D:\fss\fss-client\fss-client\Net.cs:line 184
2011/4/5 2:35:14   10 IN status_WAIT_SHA1_FSS
2011/4/5 2:35:14   10 In recieve_sha1_fss of Files.cs
2011/4/5 2:35:14   10 In receive_file of Files.cs
2011/4/5 2:35:14   10 In receive_file()  of Net.cs
2011/4/5 2:35:14   10 System.IO.IOException: The process cannot access the file 'D:\csrf\.fss\remote.sha1.fss' because it is being used by another process.
   at System.IO.__Error.WinIOError(Int32 errorCode, String maybeFullPath)
   at System.IO.FileStream.Init(String path, FileMode mode, FileAccess access, Int32 rights, Boolean useRights, FileShare share, Int32 bufferSize, FileOptions options, SECURITY_ATTRIBUTES secAttrs, String msgPath, Boolean bFromProxy, Boolean useLongPath)
   at System.IO.FileStream..ctor(String path, FileMode mode, FileAccess access, FileShare share)
   at System.IO.File.Open(String path, FileMode mode, FileAccess access)
   at fss_client.Net.receive_file(String path, Int64& size, IAsyncResult ar) in D:\fss\fss-client\fss-client\Net.cs:line 182
2011/4/5 2:35:14   10 IN status_WAIT_SHA1_FSS
2011/4/5 2:35:14   10 In recieve_sha1_fss of Files.cs
2011/4/5 2:35:14   10 In receive_file of Files.cs
2011/4/5 2:35:14   10 In receive_file()  of Net.cs
2011/4/5 2:35:14   10 System.IO.IOException: The process cannot access the file 'D:\csrf\.fss\remote.sha1.fss' because it is being used by another process.
   at System.IO.__Error.WinIOError(Int32 errorCode, String maybeFullPath)
   at System.IO.FileStream.Init(String path, FileMode mode, FileAccess access, Int32 rights, Boolean useRights, FileShare share, Int32 bufferSize, FileOptions options, SECURITY_ATTRIBUTES secAttrs, String msgPath, Boolean bFromProxy, Boolean useLongPath)
   at System.IO.FileStream..ctor(String path, FileMode mode, FileAccess access, FileShare share)
   at System.IO.File.Open(String path, FileMode mode, FileAccess access)
   at fss_client.Net.receive_file(String path, Int64& size, IAsyncResult ar) in D:\fss\fss-client\fss-client\Net.cs:line 182
2011/4/5 2:35:14   10 IN status_WAIT_SHA1_FSS
2011/4/5 2:35:15   10 In recieve_sha1_fss of Files.cs
2011/4/5 2:35:15   10 In receive_file of Files.cs
2011/4/5 2:35:15   10 In receive_file()  of Net.cs
2011/4/5 2:35:15   10 System.IO.IOException: The process cannot access the file 'D:\csrf\.fss\remote.sha1.fss' because it is being used by another process.
   at System.IO.__Error.WinIOError(Int32 errorCode, String maybeFullPath)
   at System.IO.FileStream.Init(String path, FileMode mode, FileAccess access, Int32 rights, Boolean useRights, FileShare share, Int32 bufferSize, FileOptions options, SECURITY_ATTRIBUTES secAttrs, String msgPath, Boolean bFromProxy, Boolean useLongPath)
   at System.IO.FileStream..ctor(String path, FileMode mode, FileAccess access, FileShare share)
   at System.IO.File.Open(String path, FileMode mode, FileAccess access)
   at fss_client.Net.receive_file(String path, Int64& size, IAsyncResult ar) in D:\fss\fss-client\fss-client\Net.cs:line 182
2011/4/5 2:35:15   10 IN status_WAIT_SHA1_FSS
2011/4/5 2:35:15   10 In recieve_sha1_fss of Files.cs
2011/4/5 2:35:15   10 In receive_file of Files.cs
2011/4/5 2:35:15   10 In receive_file()  of Net.cs
2011/4/5 2:35:15   10 System.IO.IOException: The process cannot access the file 'D:\csrf\.fss\remote.sha1.fss' because it is being used by another process.
   at System.IO.__Error.WinIOError(Int32 errorCode, String maybeFullPath)
   at System.IO.FileStream.Init(String path, FileMode mode, FileAccess access, Int32 rights, Boolean useRights, FileShare share, Int32 bufferSize, FileOptions options, SECURITY_ATTRIBUTES secAttrs, String msgPath, Boolean bFromProxy, Boolean useLongPath)
   at System.IO.FileStream..ctor(String path, FileMode mode, FileAccess access, FileShare share)
   at System.IO.File.Open(String path, FileMode mode, FileAccess access)
   at fss_client.Net.receive_file(String path, Int64& size, IAsyncResult ar) in D:\fss\fss-client\fss-client\Net.cs:line 182
2011/4/5 2:35:15   10 IN status_WAIT_SHA1_FSS
2011/4/5 2:35:15   10 In recieve_sha1_fss of Files.cs
2011/4/5 2:35:15   10 In receive_file of Files.cs
2011/4/5 2:35:15   10 In receive_file()  of Net.cs
2011/4/5 2:35:15   10 System.IO.IOException: The process cannot access the file 'D:\csrf\.fss\remote.sha1.fss' because it is being used by another process.
   at System.IO.__Error.WinIOError(Int32 errorCode, String maybeFullPath)
   at System.IO.FileStream.Init(String path, FileMode mode, FileAccess access, Int32 rights, Boolean useRights, FileShare share, Int32 bufferSize, FileOptions options, SECURITY_ATTRIBUTES secAttrs, String msgPath, Boolean bFromProxy, Boolean useLongPath)
   at System.IO.FileStream..ctor(String path, FileMode mode, FileAccess access, FileShare share)
   at System.IO.File.Open(String path, FileMode mode, FileAccess access)
   at fss_client.Net.receive_file(String path, Int64& size, IAsyncResult ar) in D:\fss\fss-client\fss-client\Net.cs:line 182
2011/4/5 2:35:15   10 IN status_WAIT_SHA1_FSS
2011/4/5 2:35:15   10 In recieve_sha1_fss of Files.cs
2011/4/5 2:35:15   10 In receive_file of Files.cs
2011/4/5 2:35:15   10 In receive_file()  of Net.cs
2011/4/5 2:35:15   10 System.IO.IOException: The process cannot access the file 'D:\csrf\.fss\remote.sha1.fss' because it is being used by another process.
   at System.IO.__Error.WinIOError(Int32 errorCode, String maybeFullPath)
   at System.IO.FileStream.Init(String path, FileMode mode, FileAccess access, Int32 rights, Boolean useRights, FileShare share, Int32 bufferSize, FileOptions options, SECURITY_ATTRIBUTES secAttrs, String msgPath, Boolean bFromProxy, Boolean useLongPath)
   at System.IO.FileStream..ctor(String path, FileMode mode, FileAccess access, FileShare share)
   at System.IO.File.Open(String path, FileMode mode, FileAccess access)
   at fss_client.Net.receive_file(String path, Int64& size, IAsyncResult ar) in D:\fss\fss-client\fss-client\Net.cs:line 182
2011/4/5 2:35:15   10 IN status_WAIT_SHA1_FSS
2011/4/5 2:35:15   10 In recieve_sha1_fss of Files.cs
2011/4/5 2:35:15   10 In receive_file of Files.cs
2011/4/5 2:35:15   10 In receive_file()  of Net.cs
2011/4/5 2:35:15   10 System.InvalidOperationException: EndReceive can only be called once for each asynchronous operation.
   at System.Net.Sockets.Socket.EndReceive(IAsyncResult asyncResult, SocketError& errorCode)
   at System.Net.Sockets.Socket.EndReceive(IAsyncResult asyncResult)
   at fss_client.Net.receive_file(String path, Int64& size, IAsyncResult ar) in D:\fss\fss-client\fss-client\Net.cs:line 184
2011/4/5 2:35:15   10 IN status_WAIT_SHA1_FSS
2011/4/5 2:35:15   10 In recieve_sha1_fss of Files.cs
2011/4/5 2:35:15   10 In receive_file of Files.cs
2011/4/5 2:35:15   10 In receive_file()  of Net.cs
2011/4/5 2:35:15   10 System.IO.IOException: The process cannot access the file 'D:\csrf\.fss\remote.sha1.fss' because it is being used by another process.
   at System.IO.__Error.WinIOError(Int32 errorCode, String maybeFullPath)
   at System.IO.FileStream.Init(String path, FileMode mode, FileAccess access, Int32 rights, Boolean useRights, FileShare share, Int32 bufferSize, FileOptions options, SECURITY_ATTRIBUTES secAttrs, String msgPath, Boolean bFromProxy, Boolean useLongPath)
   at System.IO.FileStream..ctor(String path, FileMode mode, FileAccess access, FileShare share)
   at System.IO.File.Open(String path, FileMode mode, FileAccess access)
   at fss_client.Net.receive_file(String path, Int64& size, IAsyncResult ar) in D:\fss\fss-client\fss-client\Net.cs:line 182
2011/4/5 2:35:15   10 IN status_WAIT_SHA1_FSS
2011/4/5 2:35:15   10 In recieve_sha1_fss of Files.cs
2011/4/5 2:35:15   10 In receive_file of Files.cs
2011/4/5 2:35:15   10 In receive_file()  of Net.cs
2011/4/5 2:35:15   10 System.IO.IOException: The process cannot access the file 'D:\csrf\.fss\remote.sha1.fss' because it is being used by another process.
   at System.IO.__Error.WinIOError(Int32 errorCode, String maybeFullPath)
   at System.IO.FileStream.Init(String path, FileMode mode, FileAccess access, Int32 rights, Boolean useRights, FileShare share, Int32 bufferSize, FileOptions options, SECURITY_ATTRIBUTES secAttrs, String msgPath, Boolean bFromProxy, Boolean useLongPath)
   at System.IO.FileStream..ctor(String path, FileMode mode, FileAccess access, FileShare share)
   at System.IO.File.Open(String path, FileMode mode, FileAccess access)
   at fss_client.Net.receive_file(String path, Int64& size, IAsyncResult ar) in D:\fss\fss-client\fss-client\Net.cs:line 182
2011/4/5 2:35:15   10 IN status_WAIT_SHA1_FSS
2011/4/5 2:35:15   10 In recieve_sha1_fss of Files.cs
2011/4/5 2:35:15   10 In receive_file of Files.cs
2011/4/5 2:35:15   10 In receive_file()  of Net.cs
2011/4/5 2:35:15   11 IN status_WAIT_SHA1_FSS
2011/4/5 2:35:15   11 In recieve_sha1_fss of Files.cs
2011/4/5 2:35:15   11 In receive_file of Files.cs
2011/4/5 2:35:15   11 In receive_file()  of Net.cs
2011/4/5 2:35:15   11 System.IO.IOException: The process cannot access the file 'D:\csrf\.fss\remote.sha1.fss' because it is being used by another process.
   at System.IO.__Error.WinIOError(Int32 errorCode, String maybeFullPath)
   at System.IO.FileStream.Init(String path, FileMode mode, FileAccess access, Int32 rights, Boolean useRights, FileShare share, Int32 bufferSize, FileOptions options, SECURITY_ATTRIBUTES secAttrs, String msgPath, Boolean bFromProxy, Boolean useLongPath)
   at System.IO.FileStream..ctor(String path, FileMode mode, FileAccess access, FileShare share)
   at System.IO.File.Open(String path, FileMode mode, FileAccess access)
   at fss_client.Net.receive_file(String path, Int64& size, IAsyncResult ar) in D:\fss\fss-client\fss-client\Net.cs:line 182
